<?xml version="1.0" encoding="UTF-8"?>
<!-- Generated by org.testng.reporters.JUnitReportReporter -->
<testsuite hostname="SHARIQUE" failures="0" tests="3" name="ShopperLogin.Login4Test" time="26.341" errors="0" timestamp="2023-09-23T12:28:34 IST" skipped="1">
  <testcase classname="ShopperLogin.Login4Test" name="TC_Login_002" time="10.898"/>
  <testcase classname="ShopperLogin.Login4Test" name="TC_Login_003" time="15.443"/>
  <testcase classname="ShopperLogin.Login4Test" name="TC_Login_001">
    <skipped/>
  </testcase> <!-- TC_Login_001 -->
</testsuite> <!-- ShopperLogin.Login4Test -->
